Build started 8/20/2015 10:23:08 AM.
     1>Project "C:\Users\Talha\documents\visual studio 2010\Projects\ClothForLaptop\ClothForLaptop\ClothForLaptop.vcxproj" on node 2 (build target(s)).
     1>InitializeBuildStatus:
         Creating "Debug\ClothForLaptop.unsuccessfulbuild" because "AlwaysCreate" was specified.
       ClCompile:
         c:\Program Files (x86)\Microsoft Visual Studio 10.0\VC\bin\CL.exe /c /ZI /nologo /W3 /WX- /Od /Oy- /D WIN32 /D _DEBUG /D _CONSOLE /D _UNICODE /D UNICODE /Gm /EHsc /RTC1 /MDd /GS /fp:precise /Zc:wchar_t /Zc:forScope /Fo"Debug\\" /Fd"Debug\vc100.pdb" /Gd /TP /analyze- /errorReport:prompt Main.cpp
         Main.cpp
       ManifestResourceCompile:
         All outputs are up-to-date.
       Link:
         c:\Program Files (x86)\Microsoft Visual Studio 10.0\VC\bin\link.exe /ERRORREPORT:PROMPT /OUT:"C:\Users\Talha\documents\visual studio 2010\Projects\ClothForLaptop\Debug\ClothForLaptop.exe" /INCREMENTAL /NOLOGO kernel32.lib user32.lib gdi32.lib winspool.lib comdlg32.lib advapi32.lib shell32.lib ole32.lib oleaut32.lib uuid.lib odbc32.lib odbccp32.lib /MANIFEST /ManifestFile:"Debug\ClothForLaptop.exe.intermediate.manifest" /MANIFESTUAC:"level='asInvoker' uiAccess='false'" /DEBUG /PDB:"C:\Users\Talha\documents\visual studio 2010\Projects\ClothForLaptop\Debug\ClothForLaptop.pdb" /SUBSYSTEM:CONSOLE /TLBID:1 /DYNAMICBASE /NXCOMPAT /IMPLIB:"C:\Users\Talha\documents\visual studio 2010\Projects\ClothForLaptop\Debug\ClothForLaptop.lib" /MACHINE:X86 Debug\ClothForLaptop.exe.embed.manifest.res
         Debug\Main.obj
         Debug\stdafx.obj
       Manifest:
         C:\Program Files (x86)\Microsoft SDKs\Windows\v7.0A\bin\mt.exe /nologo /verbose /out:"Debug\ClothForLaptop.exe.embed.manifest" /manifest Debug\ClothForLaptop.exe.intermediate.manifest
         All outputs are up-to-date.
       LinkEmbedManifest:
         All outputs are up-to-date.
         ClothForLaptop.vcxproj -> C:\Users\Talha\documents\visual studio 2010\Projects\ClothForLaptop\Debug\ClothForLaptop.exe
       FinalizeBuildStatus:
         Deleting file "Debug\ClothForLaptop.unsuccessfulbuild".
         Touching "Debug\ClothForLaptop.lastbuildstate".
     1>Done Building Project "C:\Users\Talha\documents\visual studio 2010\Projects\ClothForLaptop\ClothForLaptop\ClothForLaptop.vcxproj" (build target(s)).

Build succeeded.

Time Elapsed 00:00:05.46
